<?xml version="1.0" encoding="UTF-8"?>
<coverage generated="1725753896659" clover="3.2.0">
  <project timestamp="1725753896659" name="All files">
    <metrics statements="12" coveredstatements="9" conditionals="1" coveredconditionals="1" methods="6" coveredmethods="4" elements="19" coveredelements="14" complexity="0" loc="12" ncloc="12" packages="1" files="1" classes="1"/>
    <file name="ToDoList.ts" path="/Users/victorboaventura/Documents/GitHub/S214-ToDoList/src/ToDoList.ts">
      <metrics statements="12" coveredstatements="9" conditionals="1" coveredconditionals="1" methods="6" coveredmethods="4"/>
      <line num="19" count="1" type="stmt"/>
      <line num="20" count="2" type="stmt"/>
      <line num="23" count="2" type="stmt"/>
      <line num="24" count="6" type="stmt"/>
      <line num="26" count="2" type="stmt"/>
      <line num="27" count="2" type="cond" truecount="1" falsecount="0"/>
      <line num="28" count="1" type="stmt"/>
      <line num="30" count="1" type="stmt"/>
      <line num="32" count="0" type="stmt"/>
      <line num="37" count="2" type="stmt"/>
      <line num="41" count="0" type="stmt"/>
      <line num="48" count="0" type="stmt"/>
    </file>
  </project>
</coverage>
