{"/Users/victorboaventura/Documents/GitHub/S214-ToDoList/src/ToDoList.ts": {"path":"/Users/victorboaventura/Documents/GitHub/S214-ToDoList/src/ToDoList.ts","statementMap":{"0":{"start":{"line":20,"column":10},"end":{"line":20,"column":29}},"1":{"start":{"line":23,"column":30},"end":{"line":24,"column":null}},"2":{"start":{"line":24,"column":16},"end":{"line":24,"column":49}},"3":{"start":{"line":26,"column":4},"end":{"line":33,"column":5}},"4":{"start":{"line":27,"column":6},"end":{"line":29,"column":7}},"5":{"start":{"line":28,"column":8},"end":{"line":28,"column":51}},"6":{"start":{"line":30,"column":6},"end":{"line":30,"column":28}},"7":{"start":{"line":32,"column":6},"end":{"line":32,"column":19}},"8":{"start":{"line":37,"column":4},"end":{"line":37,"column":22}},"9":{"start":{"line":41,"column":4},"end":{"line":44,"column":6}},"10":{"start":{"line":48,"column":4},"end":{"line":48,"column":32}},"11":{"start":{"line":19,"column":0},"end":{"line":19,"column":13}}},"fnMap":{"0":{"name":"(anonymous_0)","decl":{"start":{"line":19,"column":0},"end":{"line":19,"column":13}},"loc":{"start":{"line":19,"column":0},"end":{"line":50,"column":1}}},"1":{"name":"(anonymous_1)","decl":{"start":{"line":22,"column":2},"end":{"line":22,"column":5}},"loc":{"start":{"line":22,"column":16},"end":{"line":34,"column":3}}},"2":{"name":"(anonymous_2)","decl":{"start":{"line":24,"column":6},"end":{"line":24,"column":7}},"loc":{"start":{"line":24,"column":16},"end":{"line":24,"column":49}}},"3":{"name":"(anonymous_3)","decl":{"start":{"line":36,"column":2},"end":{"line":36,"column":10}},"loc":{"start":{"line":36,"column":10},"end":{"line":38,"column":3}}},"4":{"name":"(anonymous_4)","decl":{"start":{"line":40,"column":2},"end":{"line":40,"column":12}},"loc":{"start":{"line":40,"column":44},"end":{"line":45,"column":3}}},"5":{"name":"(anonymous_5)","decl":{"start":{"line":47,"column":2},"end":{"line":47,"column":12}},"loc":{"start":{"line":47,"column":26},"end":{"line":49,"column":3}}}},"branchMap":{"0":{"loc":{"start":{"line":27,"column":6},"end":{"line":29,"column":7}},"type":"if","locations":[{"start":{"line":27,"column":6},"end":{"line":29,"column":7}}]}},"s":{"0":2,"1":2,"2":6,"3":2,"4":2,"5":1,"6":1,"7":0,"8":2,"9":0,"10":0,"11":1},"f":{"0":2,"1":2,"2":6,"3":2,"4":0,"5":0},"b":{"0":[1]}}
}
